<?xml version="1.0" encoding="UTF-8"?>
<testsuites name="Mocha Tests" time="86.718" tests="11" failures="3">
  <testsuite name="Root Suite" timestamp="2023-04-28T17:10:11" tests="0" file="specs/homePageSpec.js" time="0.000" failures="0">
  </testsuite>
  <testsuite name="XFlix" timestamp="2023-04-28T17:10:11" tests="11" time="86.647" failures="3">
    <testcase name="XFlix should display 5 genre buttons on a row" time="7.371" classname="should display 5 genre buttons on a row">
    </testcase>
    <testcase name="XFlix should display 5 content rating buttons on a row" time="1.304" classname="should display 5 content rating buttons on a row">
    </testcase>
    <testcase name="XFlix should not have same parent for genre and content rating buttons" time="1.359" classname="should not have same parent for genre and content rating buttons">
    </testcase>
    <testcase name="XFlix should not have &quot;View Count&quot; option selected in sort by dropdown on page load" time="6.187" classname="should not have &quot;View Count&quot; option selected in sort by dropdown on page load">
      <failure message="Timed out retrying after 4000ms: Expected to find element: `#view-count-option`, but never found it." type="AssertionError"><![CDATA[AssertionError: Timed out retrying after 4000ms: Expected to find element: `#view-count-option`, but never found it.
    at Context.eval (http://localhost:8081/__cypress/tests?p=specs/homePageSpec.js:340:35)]]></failure>
    </testcase>
    <testcase name="XFlix should have &quot;Release Date&quot; option selected in sort by dropdown on page load" time="6.315" classname="should have &quot;Release Date&quot; option selected in sort by dropdown on page load">
      <failure message="Timed out retrying after 4000ms: Expected to find element: `#release-date-option`, but never found it." type="AssertionError"><![CDATA[AssertionError: Timed out retrying after 4000ms: Expected to find element: `#release-date-option`, but never found it.
    at Context.eval (http://localhost:8081/__cypress/tests?p=specs/homePageSpec.js:343:37)]]></failure>
    </testcase>
    <testcase name="XFlix should have &quot;View Count&quot; option selectable after clicking on the sort by dropdown" time="4.067" classname="should have &quot;View Count&quot; option selectable after clicking on the sort by dropdown">
      <failure message="`cy.select()` can only be called on a `&lt;select&gt;`. Your subject is a: `&lt;div class=&quot;MuiInputBase-root MuiOutlinedInput-root MuiInputBase-colorPrimary MuiInputBase-fullWidth MuiInputBase-formControl MuiInputBase-sizeSmall sort-select css-nwk8qo-MuiInputBase-root-MuiOutlinedInput-root-MuiSelect-root&quot;&gt;...&lt;/div&gt;`

https://on.cypress.io/select" type="CypressError"><![CDATA[CypressError: `cy.select()` can only be called on a `<select>`. Your subject is a: `<div class="MuiInputBase-root MuiOutlinedInput-root MuiInputBase-colorPrimary MuiInputBase-fullWidth MuiInputBase-formControl MuiInputBase-sizeSmall sort-select css-nwk8qo-MuiInputBase-root-MuiOutlinedInput-root-MuiSelect-root">...</div>`

https://on.cypress.io/select
    at Context.select (http://localhost:8081/__cypress/runner/cypress_runner.js:153680:78)
    at Context.<anonymous> (http://localhost:8081/__cypress/runner/cypress_runner.js:173116:19)
From Your Spec Code:
    at Context.eval (http://localhost:8081/__cypress/tests?p=specs/homePageSpec.js:346:32)]]></failure>
    </testcase>
    <testcase name="XFlix should have &quot;Upload&quot; button on landing page on load" time="1.393" classname="should have &quot;Upload&quot; button on landing page on load">
    </testcase>
    <testcase name="XFlix should open video modal with &quot;Submit&quot; and &quot;Cancel&quot; buttons, on clicking &quot;Upload&quot; button" time="5.787" classname="should open video modal with &quot;Submit&quot; and &quot;Cancel&quot; buttons, on clicking &quot;Upload&quot; button">
    </testcase>
    <testcase name="XFlix should open video modal on clicking &quot;Upload&quot; button and close it on clicking &quot;Cancel&quot; button in the modal" time="5.837" classname="should open video modal on clicking &quot;Upload&quot; button and close it on clicking &quot;Cancel&quot; button in the modal">
    </testcase>
    <testcase name="XFlix should have at least 10 links (with class &quot;video-tile-link&quot;) to different videos on page load." time="4.922" classname="should have at least 10 links (with class &quot;video-tile-link&quot;) to different videos on page load.">
    </testcase>
    <testcase name="XFlix should display the video page on clicking the first video tile (with class &quot;video-tile&quot;) which has a parent element with class &quot;video-tile-link&quot;" time="5.612" classname="should display the video page on clicking the first video tile (with class &quot;video-tile&quot;) which has a parent element with class &quot;video-tile-link&quot;">
    </testcase>
  </testsuite>
</testsuites>